Flutter crash report; please file at https://github.com/flutter/flutter/issues.

## command

flutter packages get

## exception

YamlException: Error on line 6, column 3: Expected a key while parsing a block mapping.
  flutter:
  ^

```
#0      Parser._parseBlockMappingKey (package:yaml/src/parser.dart:448)
#1      Parser._stateMachine (package:yaml/src/parser.dart:86)
#2      Parser.parse (package:yaml/src/parser.dart:47)
#3      Loader._loadMapping (package:yaml/src/loader.dart:171)
#4      Loader._loadNode (package:yaml/src/loader.dart:86)
#5      Loader._loadMapping (package:yaml/src/loader.dart:165)
#6      Loader._loadNode (package:yaml/src/loader.dart:86)
#7      Loader._loadDocument (package:yaml/src/loader.dart:62)
#8      Loader.load (package:yaml/src/loader.dart:54)
#9      loadYamlDocument (package:yaml/yaml.dart:51)
#10     loadYamlNode (package:yaml/yaml.dart:42)
#11     loadYaml (package:yaml/yaml.dart:34)
#12     _pluginFromPubspec (package:flutter_tools/src/plugins.dart:52)
#13     _findPlugins.<anonymous closure> (package:flutter_tools/src/plugins.dart:75)
#14     _HashVMBase&MapMixin&&_LinkedHashMapMixin.forEach (dart:collection-patch/dart:collection/compact_hash.dart:363)
#15     _findPlugins (package:flutter_tools/src/plugins.dart:73)
#16     injectPlugins (package:flutter_tools/src/plugins.dart:234)
#17     FlutterProject.ensureReadyForPlatformSpecificTooling (package:flutter_tools/src/project.dart:62)
#18     PackagesGetCommand.runCommand (package:flutter_tools/src/commands/packages.dart:85)
<asynchronous suspension>
#19     FlutterCommand.verifyThenRunCommand (package:flutter_tools/src/runner/flutter_command.dart:344)
<asynchronous suspension>
#20     FlutterCommand.run.<anonymous closure> (package:flutter_tools/src/runner/flutter_command.dart:279)
<asynchronous suspension>
#21     AppContext.run.<anonymous closure> (package:flutter_tools/src/base/context.dart:142)
<asynchronous suspension>
#22     _rootRun (dart:async/zone.dart:1126)
#23     _CustomZone.run (dart:async/zone.dart:1023)
#24     runZoned (dart:async/zone.dart:1501)
#25     AppContext.run (package:flutter_tools/src/base/context.dart:141)
<asynchronous suspension>
#26     FlutterCommand.run (package:flutter_tools/src/runner/flutter_command.dart:270)
#27     CommandRunner.runCommand (package:args/command_runner.dart:194)
<asynchronous suspension>
#28     FlutterCommandRunner.runCommand.<anonymous closure> (package:flutter_tools/src/runner/flutter_command_runner.dart:309)
<asynchronous suspension>
#29     AppContext.run.<anonymous closure> (package:flutter_tools/src/base/context.dart:142)
<asynchronous suspension>
#30     _rootRun (dart:async/zone.dart:1126)
#31     _CustomZone.run (dart:async/zone.dart:1023)
#32     runZoned (dart:async/zone.dart:1501)
#33     AppContext.run (package:flutter_tools/src/base/context.dart:141)
<asynchronous suspension>
#34     FlutterCommandRunner.runCommand (package:flutter_tools/src/runner/flutter_command_runner.dart:265)
<asynchronous suspension>
#35     CommandRunner.run.<anonymous closure> (package:args/command_runner.dart:109)
#36     new Future.sync (dart:async/future.dart:222)
#37     CommandRunner.run (package:args/command_runner.dart:109)
#38     FlutterCommandRunner.run (package:flutter_tools/src/runner/flutter_command_runner.dart:174)
#39     run.<anonymous closure> (package:flutter_tools/runner.dart:54)
<asynchronous suspension>
#40     AppContext.run.<anonymous closure> (package:flutter_tools/src/base/context.dart:142)
<asynchronous suspension>
#41     _rootRun (dart:async/zone.dart:1126)
#42     _CustomZone.run (dart:async/zone.dart:1023)
#43     runZoned (dart:async/zone.dart:1501)
#44     AppContext.run (package:flutter_tools/src/base/context.dart:141)
<asynchronous suspension>
#45     runInContext (package:flutter_tools/src/context_runner.dart:43)
<asynchronous suspension>
#46     run (package:flutter_tools/runner.dart:49)
#47     main (package:flutter_tools/executable.dart:49)
<asynchronous suspension>
#48     main (file:///b/build/slave/Linux_Flutter_Packaging/build/archive/flutter/packages/flutter_tools/bin/flutter_tools.dart:8)
#49     _startIsolate.<anonymous closure> (dart:isolate-patch/dart:isolate/isolate_patch.dart:277)
#50     _RawReceivePortImpl._handleMessage (dart:isolate-patch/dart:isolate/isolate_patch.dart:165)
```

## flutter doctor

```
[✓] Flutter (Channel beta, v0.4.4, on Linux, locale en_US.UTF-8)
    • Flutter version 0.4.4 at /home/timbritton/Workspace/guildhome/fl.dt.mobile-app/flutter
    • Framework revision f9bb4289e9 (3 weeks ago), 2018-05-11 21:44:54 -0700
    • Engine revision 06afdfe54e
    • Dart version 2.0.0-dev.54.0.flutter-46ab040e58

[✓] Android toolchain - develop for Android devices (Android SDK 27.0.3)
    • Android SDK at /home/timbritton/Android/Sdk
    • Android NDK location not configured (optional; useful for native profiling support)
    • Platform android-27, build-tools 27.0.3
    • Java binary at: /home/timbritton/Downloads/android-studio/jre/bin/java
    • Java version OpenJDK Runtime Environment (build 1.8.0_152-release-1024-b01)
    • All Android licenses accepted.

[✓] Android Studio (version 3.1)
    • Android Studio at /home/timbritton/Downloads/android-studio
    ✗ Flutter plugin not installed; this adds Flutter specific functionality.
    ✗ Dart plugin not installed; this adds Dart specific functionality.
    • Java version OpenJDK Runtime Environment (build 1.8.0_152-release-1024-b01)

[!] IntelliJ IDEA Community Edition (version 2018.1)
    • IntelliJ at /home/timbritton/Downloads/idea-IC-181.3007.14
    ✗ Flutter plugin not installed; this adds Flutter specific functionality.
    ✗ Dart plugin not installed; this adds Dart specific functionality.
    • For information about installing plugins, see
      https://flutter.io/intellij-setup/#installing-the-plugins

[✓] VS Code (version 1.23.1)
    • VS Code at /usr/share/code
    • Dart Code extension version 2.13.0

[✓] Connected devices (1 available)
    • Pixel XL • HT7280200768 • android-arm64 • Android 8.1.0 (API 27)

! Doctor found issues in 1 category.
```
